Analysis & Synthesis report for EggTimerController
Fri Oct 02 19:49:15 2015
Quartus II 64-Bit Version 13.0.1 Build 232 06/12/2013 Service Pack 1 SJ Web Edition


---------------------
; Table of Contents ;
---------------------
  1. Legal Notice
  2. Analysis & Synthesis Summary
  3. Analysis & Synthesis Settings
  4. Parallel Compilation
  5. Analysis & Synthesis Source Files Read
  6. Analysis & Synthesis Resource Usage Summary
  7. Analysis & Synthesis Resource Utilization by Entity
  8. State Machine - |EggTimerController|TimerController:sm|state
  9. User-Specified and Inferred Latches
 10. Registers Removed During Synthesis
 11. Removed Registers Triggering Further Register Optimizations
 12. General Register Statistics
 13. Multiplexer Restructuring Statistics (Restructuring Performed)
 14. Parameter Settings for User Entity Instance: TimerController:sm
 15. Port Connectivity Checks: "DecrementTime:decMins"
 16. Port Connectivity Checks: "DecrementTime:decSecs"
 17. Port Connectivity Checks: "SwitchValidator:svMins"
 18. Port Connectivity Checks: "SwitchValidator:svSecs"
 19. Port Connectivity Checks: "TimerController:sm"
 20. Elapsed Time Per Partition
 21. Analysis & Synthesis Messages
 22. Analysis & Synthesis Suppressed Messages



----------------
; Legal Notice ;
----------------
Copyright (C) 1991-2013 Altera Corporation
Your use of Altera Corporation's design tools, logic functions 
and other software and tools, and its AMPP partner logic 
functions, and any output files from any of the foregoing 
(including device programming or simulation files), and any 
associated documentation or information are expressly subject 
to the terms and conditions of the Altera Program License 
Subscription Agreement, Altera MegaCore Function License 
Agreement, or other applicable license agreement, including, 
without limitation, that your use is for the sole purpose of 
programming logic devices manufactured by Altera and sold by 
Altera or its authorized distributors.  Please refer to the 
applicable agreement for further details.



+--------------------------------------------------------------------------------------+
; Analysis & Synthesis Summary                                                         ;
+------------------------------------+-------------------------------------------------+
; Analysis & Synthesis Status        ; Successful - Fri Oct 02 19:49:15 2015           ;
; Quartus II 64-Bit Version          ; 13.0.1 Build 232 06/12/2013 SP 1 SJ Web Edition ;
; Revision Name                      ; EggTimerController                              ;
; Top-level Entity Name              ; EggTimerController                              ;
; Family                             ; Cyclone II                                      ;
; Total logic elements               ; 61                                              ;
;     Total combinational functions  ; 61                                              ;
;     Dedicated logic registers      ; 37                                              ;
; Total registers                    ; 37                                              ;
; Total pins                         ; 50                                              ;
; Total virtual pins                 ; 0                                               ;
; Total memory bits                  ; 0                                               ;
; Embedded Multiplier 9-bit elements ; 0                                               ;
; Total PLLs                         ; 0                                               ;
+------------------------------------+-------------------------------------------------+


+----------------------------------------------------------------------------------------------------------------------+
; Analysis & Synthesis Settings                                                                                        ;
+----------------------------------------------------------------------------+--------------------+--------------------+
; Option                                                                     ; Setting            ; Default Value      ;
+----------------------------------------------------------------------------+--------------------+--------------------+
; Device                                                                     ; EP2C20F484C7       ;                    ;
; Top-level entity name                                                      ; EggTimerController ; EggTimerController ;
; Family name                                                                ; Cyclone II         ; Cyclone IV GX      ;
; Use smart compilation                                                      ; Off                ; Off                ;
; Enable parallel Assembler and TimeQuest Timing Analyzer during compilation ; On                 ; On                 ;
; Enable compact report table                                                ; Off                ; Off                ;
; Restructure Multiplexers                                                   ; Auto               ; Auto               ;
; Create Debugging Nodes for IP Cores                                        ; Off                ; Off                ;
; Preserve fewer node names                                                  ; On                 ; On                 ;
; Disable OpenCore Plus hardware evaluation                                  ; Off                ; Off                ;
; Verilog Version                                                            ; Verilog_2001       ; Verilog_2001       ;
; VHDL Version                                                               ; VHDL_1993          ; VHDL_1993          ;
; State Machine Processing                                                   ; Auto               ; Auto               ;
; Safe State Machine                                                         ; Off                ; Off                ;
; Extract Verilog State Machines                                             ; On                 ; On                 ;
; Extract VHDL State Machines                                                ; On                 ; On                 ;
; Ignore Verilog initial constructs                                          ; Off                ; Off                ;
; Iteration limit for constant Verilog loops                                 ; 5000               ; 5000               ;
; Iteration limit for non-constant Verilog loops                             ; 250                ; 250                ;
; Add Pass-Through Logic to Inferred RAMs                                    ; On                 ; On                 ;
; Infer RAMs from Raw Logic                                                  ; On                 ; On                 ;
; Parallel Synthesis                                                         ; On                 ; On                 ;
; DSP Block Balancing                                                        ; Auto               ; Auto               ;
; NOT Gate Push-Back                                                         ; On                 ; On                 ;
; Power-Up Don't Care                                                        ; On                 ; On                 ;
; Remove Redundant Logic Cells                                               ; Off                ; Off                ;
; Remove Duplicate Registers                                                 ; On                 ; On                 ;
; Ignore CARRY Buffers                                                       ; Off                ; Off                ;
; Ignore CASCADE Buffers                                                     ; Off                ; Off                ;
; Ignore GLOBAL Buffers                                                      ; Off                ; Off                ;
; Ignore ROW GLOBAL Buffers                                                  ; Off                ; Off                ;
; Ignore LCELL Buffers                                                       ; Off                ; Off                ;
; Ignore SOFT Buffers                                                        ; On                 ; On                 ;
; Limit AHDL Integers to 32 Bits                                             ; Off                ; Off                ;
; Optimization Technique                                                     ; Balanced           ; Balanced           ;
; Carry Chain Length                                                         ; 70                 ; 70                 ;
; Auto Carry Chains                                                          ; On                 ; On                 ;
; Auto Open-Drain Pins                                                       ; On                 ; On                 ;
; Perform WYSIWYG Primitive Resynthesis                                      ; Off                ; Off                ;
; Auto ROM Replacement                                                       ; On                 ; On                 ;
; Auto RAM Replacement                                                       ; On                 ; On                 ;
; Auto Shift Register Replacement                                            ; Auto               ; Auto               ;
; Allow Shift Register Merging across Hierarchies                            ; Auto               ; Auto               ;
; Auto Clock Enable Replacement                                              ; On                 ; On                 ;
; Strict RAM Replacement                                                     ; Off                ; Off                ;
; Allow Synchronous Control Signals                                          ; On                 ; On                 ;
; Force Use of Synchronous Clear Signals                                     ; Off                ; Off                ;
; Auto RAM to Logic Cell Conversion                                          ; Off                ; Off                ;
; Auto Resource Sharing                                                      ; Off                ; Off                ;
; Allow Any RAM Size For Recognition                                         ; Off                ; Off                ;
; Allow Any ROM Size For Recognition                                         ; Off                ; Off                ;
; Allow Any Shift Register Size For Recognition                              ; Off                ; Off                ;
; Use LogicLock Constraints during Resource Balancing                        ; On                 ; On                 ;
; Ignore translate_off and synthesis_off directives                          ; Off                ; Off                ;
; Timing-Driven Synthesis                                                    ; Off                ; Off                ;
; Report Parameter Settings                                                  ; On                 ; On                 ;
; Report Source Assignments                                                  ; On                 ; On                 ;
; Report Connectivity Checks                                                 ; On                 ; On                 ;
; Ignore Maximum Fan-Out Assignments                                         ; Off                ; Off                ;
; Synchronization Register Chain Length                                      ; 2                  ; 2                  ;
; PowerPlay Power Optimization                                               ; Normal compilation ; Normal compilation ;
; HDL message level                                                          ; Level2             ; Level2             ;
; Suppress Register Optimization Related Messages                            ; Off                ; Off                ;
; Number of Removed Registers Reported in Synthesis Report                   ; 5000               ; 5000               ;
; Number of Swept Nodes Reported in Synthesis Report                         ; 5000               ; 5000               ;
; Number of Inverted Registers Reported in Synthesis Report                  ; 100                ; 100                ;
; Clock MUX Protection                                                       ; On                 ; On                 ;
; Auto Gated Clock Conversion                                                ; Off                ; Off                ;
; Block Design Naming                                                        ; Auto               ; Auto               ;
; SDC constraint protection                                                  ; Off                ; Off                ;
; Synthesis Effort                                                           ; Auto               ; Auto               ;
; Shift Register Replacement - Allow Asynchronous Clear Signal               ; On                 ; On                 ;
; Pre-Mapping Resynthesis Optimization                                       ; Off                ; Off                ;
; Analysis & Synthesis Message Level                                         ; Medium             ; Medium             ;
; Disable Register Merging Across Hierarchies                                ; Auto               ; Auto               ;
; Resource Aware Inference For Block RAM                                     ; On                 ; On                 ;
; Synthesis Seed                                                             ; 1                  ; 1                  ;
+----------------------------------------------------------------------------+--------------------+--------------------+


Parallel compilation was disabled, but you have multiple processors available. Enable parallel compilation to reduce compilation time.
+-------------------------------------+
; Parallel Compilation                ;
+----------------------------+--------+
; Processors                 ; Number ;
+----------------------------+--------+
; Number detected on machine ; 8      ;
; Maximum allowed            ; 1      ;
+----------------------------+--------+


+---------------------------------------------------------------------------------------------------------------------------------------------------------------------+
; Analysis & Synthesis Source Files Read                                                                                                                              ;
+----------------------------------+-----------------+------------------------------+-----------------------------------------------------------------------+---------+
; File Name with User-Entered Path ; Used in Netlist ; File Type                    ; File Name with Absolute Path                                          ; Library ;
+----------------------------------+-----------------+------------------------------+-----------------------------------------------------------------------+---------+
; EggTimerController.v             ; yes             ; User Verilog HDL File        ; C:/Users/Mashal/Documents/2015-Fall/CS3220/Proj2/EggTimerController.v ;         ;
; dec2_7seg.v                      ; yes             ; User Verilog HDL File        ; C:/Users/Mashal/Documents/2015-Fall/CS3220/Proj2/dec2_7seg.v          ;         ;
; ClockDivider.v                   ; yes             ; User Verilog HDL File        ; C:/Users/Mashal/Documents/2015-Fall/CS3220/Proj2/ClockDivider.v       ;         ;
; DecrementTime.v                  ; yes             ; User Verilog HDL File        ; C:/Users/Mashal/Documents/2015-Fall/CS3220/Proj2/DecrementTime.v      ;         ;
; flashLights.v                    ; yes             ; User Verilog HDL File        ; C:/Users/Mashal/Documents/2015-Fall/CS3220/Proj2/flashLights.v        ;         ;
; SwitchValidator.v                ; yes             ; User Verilog HDL File        ; C:/Users/Mashal/Documents/2015-Fall/CS3220/Proj2/SwitchValidator.v    ;         ;
; timercontroller.v                ; yes             ; Auto-Found Verilog HDL File  ; C:/Users/Mashal/Documents/2015-Fall/CS3220/Proj2/timercontroller.v    ;         ;
+----------------------------------+-----------------+------------------------------+-----------------------------------------------------------------------+---------+


+--------------------------------------------------------+
; Analysis & Synthesis Resource Usage Summary            ;
+---------------------------------------------+----------+
; Resource                                    ; Usage    ;
+---------------------------------------------+----------+
; Estimated Total logic elements              ; 61       ;
;                                             ;          ;
; Total combinational functions               ; 61       ;
; Logic element usage by number of LUT inputs ;          ;
;     -- 4 input functions                    ; 25       ;
;     -- 3 input functions                    ; 6        ;
;     -- <=2 input functions                  ; 30       ;
;                                             ;          ;
; Logic elements by mode                      ;          ;
;     -- normal mode                          ; 36       ;
;     -- arithmetic mode                      ; 25       ;
;                                             ;          ;
; Total registers                             ; 37       ;
;     -- Dedicated logic registers            ; 37       ;
;     -- I/O registers                        ; 0        ;
;                                             ;          ;
; I/O pins                                    ; 50       ;
; Embedded Multiplier 9-bit elements          ; 0        ;
; Maximum fan-out node                        ; CLOCK_50 ;
; Maximum fan-out                             ; 37       ;
; Total fan-out                               ; 292      ;
; Average fan-out                             ; 1.97     ;
+---------------------------------------------+----------+


+---------------------------------------------------------------------------------------------------------------------------------------------------------------------------------------------------+
; Analysis & Synthesis Resource Utilization by Entity                                                                                                                                               ;
+----------------------------+-------------------+--------------+-------------+--------------+---------+-----------+------+--------------+-------------------------------------------+--------------+
; Compilation Hierarchy Node ; LC Combinationals ; LC Registers ; Memory Bits ; DSP Elements ; DSP 9x9 ; DSP 18x18 ; Pins ; Virtual Pins ; Full Hierarchy Name                       ; Library Name ;
+----------------------------+-------------------+--------------+-------------+--------------+---------+-----------+------+--------------+-------------------------------------------+--------------+
; |EggTimerController        ; 61 (0)            ; 37 (0)       ; 0           ; 0            ; 0       ; 0         ; 50   ; 0            ; |EggTimerController                       ; work         ;
;    |ClockDivider:cd|       ; 36 (36)           ; 27 (27)      ; 0           ; 0            ; 0       ; 0         ; 0    ; 0            ; |EggTimerController|ClockDivider:cd       ; work         ;
;    |DecrementTime:decMins| ; 8 (8)             ; 5 (5)        ; 0           ; 0            ; 0       ; 0         ; 0    ; 0            ; |EggTimerController|DecrementTime:decMins ; work         ;
;    |TimerController:sm|    ; 9 (9)             ; 5 (5)        ; 0           ; 0            ; 0       ; 0         ; 0    ; 0            ; |EggTimerController|TimerController:sm    ; work         ;
;    |dec2_7seg:comb_22|     ; 8 (8)             ; 0 (0)        ; 0           ; 0            ; 0       ; 0         ; 0    ; 0            ; |EggTimerController|dec2_7seg:comb_22     ; work         ;
+----------------------------+-------------------+--------------+-------------+--------------+---------+-----------+------+--------------+-------------------------------------------+--------------+
Note: For table entries with two numbers listed, the numbers in parentheses indicate the number of resources of the given type used by the specific entity alone. The numbers listed outside of parentheses indicate the total resources of the given type used by the specific entity and all of its sub-entities in the hierarchy.


Encoding Type:  One-Hot
+------------------------------------------------------------------------------------------------------------+
; State Machine - |EggTimerController|TimerController:sm|state                                               ;
+----------------+-------------+----------------+----------------+--------------+--------------+-------------+
; Name           ; state.Flash ; state.RunTimer ; state.SetTimer ; state.SetMin ; state.SetSec ; state.Reset ;
+----------------+-------------+----------------+----------------+--------------+--------------+-------------+
; state.Reset    ; 0           ; 0              ; 0              ; 0            ; 0            ; 0           ;
; state.SetSec   ; 0           ; 0              ; 0              ; 0            ; 1            ; 1           ;
; state.SetMin   ; 0           ; 0              ; 0              ; 1            ; 0            ; 1           ;
; state.SetTimer ; 0           ; 0              ; 1              ; 0            ; 0            ; 1           ;
; state.RunTimer ; 0           ; 1              ; 0              ; 0            ; 0            ; 1           ;
; state.Flash    ; 1           ; 0              ; 0              ; 0            ; 0            ; 1           ;
+----------------+-------------+----------------+----------------+--------------+--------------+-------------+


+----------------------------------------------------------------------------------------------------------+
; User-Specified and Inferred Latches                                                                      ;
+----------------------------------------------------+----------------------------+------------------------+
; Latch Name                                         ; Latch Enable Signal        ; Free of Timing Hazards ;
+----------------------------------------------------+----------------------------+------------------------+
; TimerController:sm|decEn                           ; TimerController:sm|WideOr2 ; yes                    ;
; Number of user-specified and inferred latches = 1  ;                            ;                        ;
+----------------------------------------------------+----------------------------+------------------------+
Note: All latches listed above may not be present at the end of synthesis due to various synthesis optimizations.


+------------------------------------------------------------------------------------------+
; Registers Removed During Synthesis                                                       ;
+----------------------------------------+-------------------------------------------------+
; Register name                          ; Reason for Removal                              ;
+----------------------------------------+-------------------------------------------------+
; DecrementTime:decSecs|isZero           ; Stuck at VCC due to stuck port data_in          ;
; DecrementTime:decSecs|outputTime[0..7] ; Lost fanout                                     ;
; DecrementTime:decMins|outputTime[6]    ; Merged with DecrementTime:decMins|outputTime[4] ;
; DecrementTime:decMins|outputTime[7]    ; Merged with DecrementTime:decMins|outputTime[5] ;
; DecrementTime:decMins|outputTime[5]    ; Stuck at GND due to stuck port data_in          ;
; TimerController:sm|state~3             ; Lost fanout                                     ;
; TimerController:sm|state~4             ; Lost fanout                                     ;
; TimerController:sm|state~5             ; Lost fanout                                     ;
; TimerController:sm|state.Flash         ; Stuck at GND due to stuck port data_in          ;
; flashLights:fl|ledr[0..9]              ; Stuck at GND due to stuck port data_in          ;
; Total Number of Removed Registers = 26 ;                                                 ;
+----------------------------------------+-------------------------------------------------+


+----------------------------------------------------------------------------------------------------------------------------------------+
; Removed Registers Triggering Further Register Optimizations                                                                            ;
+--------------------------------+---------------------------+---------------------------------------------------------------------------+
; Register name                  ; Reason for Removal        ; Registers Removed due to This Register                                    ;
+--------------------------------+---------------------------+---------------------------------------------------------------------------+
; TimerController:sm|state.Flash ; Stuck at GND              ; flashLights:fl|ledr[0], flashLights:fl|ledr[1], flashLights:fl|ledr[2],   ;
;                                ; due to stuck port data_in ; flashLights:fl|ledr[3], flashLights:fl|ledr[4], flashLights:fl|ledr[5],   ;
;                                ;                           ; flashLights:fl|ledr[6], flashLights:fl|ledr[7], flashLights:fl|ledr[8],   ;
;                                ;                           ; flashLights:fl|ledr[9]                                                    ;
; DecrementTime:decSecs|isZero   ; Stuck at VCC              ; DecrementTime:decSecs|outputTime[3], DecrementTime:decSecs|outputTime[2], ;
;                                ; due to stuck port data_in ; DecrementTime:decSecs|outputTime[1], DecrementTime:decSecs|outputTime[4], ;
;                                ;                           ; DecrementTime:decSecs|outputTime[5], DecrementTime:decSecs|outputTime[6], ;
;                                ;                           ; DecrementTime:decSecs|outputTime[7], DecrementTime:decMins|outputTime[5]  ;
+--------------------------------+---------------------------+---------------------------------------------------------------------------+


+------------------------------------------------------+
; General Register Statistics                          ;
+----------------------------------------------+-------+
; Statistic                                    ; Value ;
+----------------------------------------------+-------+
; Total registers                              ; 37    ;
; Number of registers using Synchronous Clear  ; 27    ;
; Number of registers using Synchronous Load   ; 0     ;
; Number of registers using Asynchronous Clear ; 0     ;
; Number of registers using Asynchronous Load  ; 0     ;
; Number of registers using Clock Enable       ; 4     ;
; Number of registers using Preset             ; 0     ;
+----------------------------------------------+-------+


+-----------------------------------------------------------------------------------------------------------------------------------------------------------------------+
; Multiplexer Restructuring Statistics (Restructuring Performed)                                                                                                        ;
+--------------------+-----------+---------------+----------------------+------------------------+------------+---------------------------------------------------------+
; Multiplexer Inputs ; Bus Width ; Baseline Area ; Area if Restructured ; Saving if Restructured ; Registered ; Example Multiplexer Output                              ;
+--------------------+-----------+---------------+----------------------+------------------------+------------+---------------------------------------------------------+
; 4:1                ; 4 bits    ; 8 LEs         ; 8 LEs                ; 0 LEs                  ; Yes        ; |EggTimerController|DecrementTime:decMins|outputTime[3] ;
; 5:1                ; 26 bits   ; 78 LEs        ; 26 LEs               ; 52 LEs                 ; Yes        ; |EggTimerController|ClockDivider:cd|counter[17]         ;
; 5:1                ; 3 bits    ; 9 LEs         ; 6 LEs                ; 3 LEs                  ; No         ; |EggTimerController|dec2_7seg:comb_22|display[6]        ;
; 9:1                ; 3 bits    ; 18 LEs        ; 9 LEs                ; 9 LEs                  ; No         ; |EggTimerController|TimerController:sm|Selector0        ;
+--------------------+-----------+---------------+----------------------+------------------------+------------+---------------------------------------------------------+


+-----------------------------------------------------------------+
; Parameter Settings for User Entity Instance: TimerController:sm ;
+----------------+-------+----------------------------------------+
; Parameter Name ; Value ; Type                                   ;
+----------------+-------+----------------------------------------+
; Reset          ; 0     ; Signed Integer                         ;
; SetSec         ; 1     ; Signed Integer                         ;
; SetMin         ; 2     ; Signed Integer                         ;
; SetTimer       ; 3     ; Signed Integer                         ;
; RunTimer       ; 4     ; Signed Integer                         ;
; Flash          ; 5     ; Signed Integer                         ;
; true           ; 1     ; Unsigned Binary                        ;
; false          ; 0     ; Unsigned Binary                        ;
+----------------+-------+----------------------------------------+
Note: In order to hide this table in the UI and the text report file, please set the "Show Parameter Settings in Synthesis Report" option in "Analysis and Synthesis Settings -> More Settings" to "Off".


+------------------------------------------------------------------------------------------------------------------+
; Port Connectivity Checks: "DecrementTime:decMins"                                                                ;
+--------+--------+----------+-------------------------------------------------------------------------------------+
; Port   ; Type   ; Severity ; Details                                                                             ;
+--------+--------+----------+-------------------------------------------------------------------------------------+
; isZero ; Output ; Info     ; Connected to dangling logic. Logic that only feeds a dangling port will be removed. ;
+--------+--------+----------+-------------------------------------------------------------------------------------+


+----------------------------------------------------------------------------------------------------------------------------------------------------------------+
; Port Connectivity Checks: "DecrementTime:decSecs"                                                                                                              ;
+------------+--------+----------+-------------------------------------------------------------------------------------------------------------------------------+
; Port       ; Type   ; Severity ; Details                                                                                                                       ;
+------------+--------+----------+-------------------------------------------------------------------------------------------------------------------------------+
; outputTime ; Output ; Warning  ; Output or bidir port (8 bits) is wider than the port expression (1 bits) it drives; bit(s) "outputTime[7..1]" have no fanouts ;
+------------+--------+----------+-------------------------------------------------------------------------------------------------------------------------------+


+-----------------------------------------------------------------------------------------------------------------------------------------------------------------------------------------------------------------+
; Port Connectivity Checks: "SwitchValidator:svMins"                                                                                                                                                              ;
+----------+--------+----------+----------------------------------------------------------------------------------------------------------------------------------------------------------------------------------+
; Port     ; Type   ; Severity ; Details                                                                                                                                                                          ;
+----------+--------+----------+----------------------------------------------------------------------------------------------------------------------------------------------------------------------------------+
; readSwEn ; Input  ; Warning  ; Input port expression (8 bits) is wider than the input port (1 bits) it drives.  The 7 most-significant bit(s) in the expression will be dangling if they have no other fanouts. ;
; swVal    ; Output ; Warning  ; Declared by entity but not connected by instance. Logic that only feeds a dangling port will be removed.                                                                         ;
+----------+--------+----------+----------------------------------------------------------------------------------------------------------------------------------------------------------------------------------+


+-----------------------------------------------------------------------------------------------------------------------------------------------------------------------------------------------------------------+
; Port Connectivity Checks: "SwitchValidator:svSecs"                                                                                                                                                              ;
+----------+--------+----------+----------------------------------------------------------------------------------------------------------------------------------------------------------------------------------+
; Port     ; Type   ; Severity ; Details                                                                                                                                                                          ;
+----------+--------+----------+----------------------------------------------------------------------------------------------------------------------------------------------------------------------------------+
; readSwEn ; Input  ; Warning  ; Input port expression (8 bits) is wider than the input port (1 bits) it drives.  The 7 most-significant bit(s) in the expression will be dangling if they have no other fanouts. ;
; switches ; Input  ; Warning  ; Input port expression (1 bits) is smaller than the input port (8 bits) it drives.  Extra input bit(s) "switches[7..1]" will be connected to GND.                                 ;
; swVal    ; Output ; Warning  ; Declared by entity but not connected by instance. Logic that only feeds a dangling port will be removed.                                                                         ;
+----------+--------+----------+----------------------------------------------------------------------------------------------------------------------------------------------------------------------------------+


+---------------------------------------------------------------------------------------------------------------------------+
; Port Connectivity Checks: "TimerController:sm"                                                                            ;
+-----------------+--------+----------+-------------------------------------------------------------------------------------+
; Port            ; Type   ; Severity ; Details                                                                             ;
+-----------------+--------+----------+-------------------------------------------------------------------------------------+
; isTimeFlat      ; Input  ; Info     ; Stuck at GND                                                                        ;
; swSecEn         ; Output ; Info     ; Connected to dangling logic. Logic that only feeds a dangling port will be removed. ;
; swMinEn         ; Output ; Info     ; Connected to dangling logic. Logic that only feeds a dangling port will be removed. ;
; inRunTimerState ; Output ; Info     ; Connected to dangling logic. Logic that only feeds a dangling port will be removed. ;
+-----------------+--------+----------+-------------------------------------------------------------------------------------+


+-------------------------------+
; Elapsed Time Per Partition    ;
+----------------+--------------+
; Partition Name ; Elapsed Time ;
+----------------+--------------+
; Top            ; 00:00:01     ;
+----------------+--------------+


+-------------------------------+
; Analysis & Synthesis Messages ;
+-------------------------------+
Info: *******************************************************************
Info: Running Quartus II 64-Bit Analysis & Synthesis
    Info: Version 13.0.1 Build 232 06/12/2013 Service Pack 1 SJ Web Edition
    Info: Processing started: Fri Oct 02 19:49:11 2015
Info: Command: quartus_map --read_settings_files=on --write_settings_files=off EggTimerController -c EggTimerController
Warning (20028): Parallel compilation is not licensed and has been disabled
Info (12021): Found 1 design units, including 1 entities, in source file eggtimercontroller.v
    Info (12023): Found entity 1: EggTimerController
Info (12021): Found 1 design units, including 1 entities, in source file dec2_7seg.v
    Info (12023): Found entity 1: dec2_7seg
Info (12021): Found 1 design units, including 1 entities, in source file clockdivider.v
    Info (12023): Found entity 1: ClockDivider
Warning (12019): Can't analyze file -- file SwitchProcess.v is missing
Info (12021): Found 1 design units, including 1 entities, in source file decrementtime.v
    Info (12023): Found entity 1: DecrementTime
Info (12021): Found 1 design units, including 1 entities, in source file flashlights.v
    Info (12023): Found entity 1: flashLights
Info (12021): Found 1 design units, including 1 entities, in source file switchvalidator.v
    Info (12023): Found entity 1: SwitchValidator
Warning (12019): Can't analyze file -- file decrementMux.v is missing
Warning (10236): Verilog HDL Implicit Net warning at EggTimerController.v(24): created implicit net for "minsIsDone"
Warning (10236): Verilog HDL Implicit Net warning at EggTimerController.v(24): created implicit net for "secsIsDone"
Warning (10236): Verilog HDL Implicit Net warning at EggTimerController.v(25): created implicit net for "swSecEn"
Warning (10236): Verilog HDL Implicit Net warning at EggTimerController.v(25): created implicit net for "swMinEn"
Warning (10236): Verilog HDL Implicit Net warning at EggTimerController.v(25): created implicit net for "flashEn"
Warning (10236): Verilog HDL Implicit Net warning at EggTimerController.v(25): created implicit net for "inRunTimerState"
Warning (10236): Verilog HDL Implicit Net warning at EggTimerController.v(29): created implicit net for "secondsVals"
Critical Warning (10846): Verilog HDL Instantiation warning at EggTimerController.v(50): instance has no name
Critical Warning (10846): Verilog HDL Instantiation warning at EggTimerController.v(51): instance has no name
Critical Warning (10846): Verilog HDL Instantiation warning at EggTimerController.v(52): instance has no name
Critical Warning (10846): Verilog HDL Instantiation warning at EggTimerController.v(53): instance has no name
Info (12127): Elaborating entity "EggTimerController" for the top level hierarchy
Warning (10030): Net "minsIsDone" at EggTimerController.v(24) has no driver or initial value, using a default initial value '0'
Warning (10030): Net "secsIsDone" at EggTimerController.v(24) has no driver or initial value, using a default initial value '0'
Warning (12125): Using design file timercontroller.v, which is not specified as a design file for the current project, but contains definitions for 1 design units and 1 entities in project
    Info (12023): Found entity 1: TimerController
Info (12128): Elaborating entity "TimerController" for hierarchy "TimerController:sm"
Warning (10240): Verilog HDL Always Construct warning at timercontroller.v(11): inferring latch(es) for variable "swSecEn", which holds its previous value in one or more paths through the always construct
Warning (10240): Verilog HDL Always Construct warning at timercontroller.v(11): inferring latch(es) for variable "swMinEn", which holds its previous value in one or more paths through the always construct
Warning (10240): Verilog HDL Always Construct warning at timercontroller.v(11): inferring latch(es) for variable "decEn", which holds its previous value in one or more paths through the always construct
Warning (10240): Verilog HDL Always Construct warning at timercontroller.v(11): inferring latch(es) for variable "flashEn", which holds its previous value in one or more paths through the always construct
Warning (10240): Verilog HDL Always Construct warning at timercontroller.v(11): inferring latch(es) for variable "inRunTimerState", which holds its previous value in one or more paths through the always construct
Info (10041): Inferred latch for "inRunTimerState" at timercontroller.v(11)
Info (10041): Inferred latch for "flashEn" at timercontroller.v(11)
Info (10041): Inferred latch for "decEn" at timercontroller.v(11)
Info (10041): Inferred latch for "swMinEn" at timercontroller.v(11)
Info (10041): Inferred latch for "swSecEn" at timercontroller.v(11)
Info (12128): Elaborating entity "SwitchValidator" for hierarchy "SwitchValidator:svSecs"
Info (12128): Elaborating entity "ClockDivider" for hierarchy "ClockDivider:cd"
Warning (10230): Verilog HDL assignment warning at ClockDivider.v(14): truncated value with size 32 to match size of target (26)
Info (12128): Elaborating entity "DecrementTime" for hierarchy "DecrementTime:decSecs"
Warning (10230): Verilog HDL assignment warning at DecrementTime.v(15): truncated value with size 32 to match size of target (4)
Info (12128): Elaborating entity "flashLights" for hierarchy "flashLights:fl"
Info (12128): Elaborating entity "dec2_7seg" for hierarchy "dec2_7seg:comb_20"
Warning (12011): Net is missing source, defaulting to GND
    Warning (12110): Net "secondsVal[7]" is missing source, defaulting to GND
    Warning (12110): Net "secondsVal[6]" is missing source, defaulting to GND
    Warning (12110): Net "secondsVal[5]" is missing source, defaulting to GND
    Warning (12110): Net "secondsVal[4]" is missing source, defaulting to GND
    Warning (12110): Net "secondsVal[3]" is missing source, defaulting to GND
    Warning (12110): Net "secondsVal[2]" is missing source, defaulting to GND
    Warning (12110): Net "secondsVal[1]" is missing source, defaulting to GND
    Warning (12110): Net "secondsVal[0]" is missing source, defaulting to GND
Warning (12011): Net is missing source, defaulting to GND
    Warning (12110): Net "secondsVal[7]" is missing source, defaulting to GND
    Warning (12110): Net "secondsVal[6]" is missing source, defaulting to GND
    Warning (12110): Net "secondsVal[5]" is missing source, defaulting to GND
    Warning (12110): Net "secondsVal[4]" is missing source, defaulting to GND
    Warning (12110): Net "secondsVal[3]" is missing source, defaulting to GND
    Warning (12110): Net "secondsVal[2]" is missing source, defaulting to GND
    Warning (12110): Net "secondsVal[1]" is missing source, defaulting to GND
    Warning (12110): Net "secondsVal[0]" is missing source, defaulting to GND
Warning (12011): Net is missing source, defaulting to GND
    Warning (12110): Net "secondsVal[7]" is missing source, defaulting to GND
    Warning (12110): Net "secondsVal[6]" is missing source, defaulting to GND
    Warning (12110): Net "secondsVal[5]" is missing source, defaulting to GND
    Warning (12110): Net "secondsVal[4]" is missing source, defaulting to GND
    Warning (12110): Net "secondsVal[3]" is missing source, defaulting to GND
    Warning (12110): Net "secondsVal[2]" is missing source, defaulting to GND
    Warning (12110): Net "secondsVal[1]" is missing source, defaulting to GND
    Warning (12110): Net "secondsVal[0]" is missing source, defaulting to GND
Warning (12011): Net is missing source, defaulting to GND
    Warning (12110): Net "secondsVal[7]" is missing source, defaulting to GND
    Warning (12110): Net "secondsVal[6]" is missing source, defaulting to GND
    Warning (12110): Net "secondsVal[5]" is missing source, defaulting to GND
    Warning (12110): Net "secondsVal[4]" is missing source, defaulting to GND
    Warning (12110): Net "secondsVal[3]" is missing source, defaulting to GND
    Warning (12110): Net "secondsVal[2]" is missing source, defaulting to GND
    Warning (12110): Net "secondsVal[1]" is missing source, defaulting to GND
    Warning (12110): Net "secondsVal[0]" is missing source, defaulting to GND
Warning (12011): Net is missing source, defaulting to GND
    Warning (12110): Net "secondsVal[7]" is missing source, defaulting to GND
    Warning (12110): Net "secondsVal[6]" is missing source, defaulting to GND
    Warning (12110): Net "secondsVal[5]" is missing source, defaulting to GND
    Warning (12110): Net "secondsVal[4]" is missing source, defaulting to GND
    Warning (12110): Net "secondsVal[3]" is missing source, defaulting to GND
    Warning (12110): Net "secondsVal[2]" is missing source, defaulting to GND
    Warning (12110): Net "secondsVal[1]" is missing source, defaulting to GND
    Warning (12110): Net "secondsVal[0]" is missing source, defaulting to GND
Warning (12241): 3 hierarchies have connectivity warnings - see the Connectivity Checks report folder
Warning (13012): Latch TimerController:sm|decEn has unsafe behavior
    Warning (13013): Ports D and ENA on the latch are fed by the same signal TimerController:sm|state.RunTimer
Warning (13024): Output pins are stuck at VCC or GND
    Warning (13410): Pin "HEX3[0]" is stuck at GND
    Warning (13410): Pin "HEX3[2]" is stuck at GND
    Warning (13410): Pin "HEX3[3]" is stuck at GND
    Warning (13410): Pin "HEX3[5]" is stuck at GND
    Warning (13410): Pin "HEX1[0]" is stuck at GND
    Warning (13410): Pin "HEX1[1]" is stuck at GND
    Warning (13410): Pin "HEX1[2]" is stuck at GND
    Warning (13410): Pin "HEX1[3]" is stuck at GND
    Warning (13410): Pin "HEX1[4]" is stuck at GND
    Warning (13410): Pin "HEX1[5]" is stuck at GND
    Warning (13410): Pin "HEX1[6]" is stuck at VCC
    Warning (13410): Pin "HEX0[0]" is stuck at GND
    Warning (13410): Pin "HEX0[1]" is stuck at GND
    Warning (13410): Pin "HEX0[2]" is stuck at GND
    Warning (13410): Pin "HEX0[3]" is stuck at GND
    Warning (13410): Pin "HEX0[4]" is stuck at GND
    Warning (13410): Pin "HEX0[5]" is stuck at GND
    Warning (13410): Pin "HEX0[6]" is stuck at VCC
    Warning (13410): Pin "LEDR[0]" is stuck at GND
    Warning (13410): Pin "LEDR[1]" is stuck at GND
    Warning (13410): Pin "LEDR[2]" is stuck at GND
    Warning (13410): Pin "LEDR[3]" is stuck at GND
    Warning (13410): Pin "LEDR[4]" is stuck at GND
    Warning (13410): Pin "LEDR[5]" is stuck at GND
    Warning (13410): Pin "LEDR[6]" is stuck at GND
    Warning (13410): Pin "LEDR[7]" is stuck at GND
    Warning (13410): Pin "LEDR[8]" is stuck at GND
    Warning (13410): Pin "LEDR[9]" is stuck at GND
Info (17049): 11 registers lost all their fanouts during netlist optimizations.
Info (144001): Generated suppressed messages file C:/Users/Mashal/Documents/2015-Fall/CS3220/Proj2/output_files/EggTimerController.map.smsg
Info (16010): Generating hard_block partition "hard_block:auto_generated_inst"
    Info (16011): Adding 0 node(s), including 0 DDIO, 0 PLL, 0 transceiver and 0 LCELL
Warning (21074): Design contains 8 input pin(s) that do not drive logic
    Warning (15610): No output dependent on input pin "SW[0]"
    Warning (15610): No output dependent on input pin "SW[1]"
    Warning (15610): No output dependent on input pin "SW[2]"
    Warning (15610): No output dependent on input pin "SW[3]"
    Warning (15610): No output dependent on input pin "SW[4]"
    Warning (15610): No output dependent on input pin "SW[5]"
    Warning (15610): No output dependent on input pin "SW[6]"
    Warning (15610): No output dependent on input pin "SW[7]"
Info (21057): Implemented 111 device resources after synthesis - the final resource count might be different
    Info (21058): Implemented 12 input pins
    Info (21059): Implemented 38 output pins
    Info (21061): Implemented 61 logic cells
Info: Quartus II 64-Bit Analysis & Synthesis was successful. 0 errors, 110 warnings
    Info: Peak virtual memory: 480 megabytes
    Info: Processing ended: Fri Oct 02 19:49:15 2015
    Info: Elapsed time: 00:00:04
    Info: Total CPU time (on all processors): 00:00:01


+------------------------------------------+
; Analysis & Synthesis Suppressed Messages ;
+------------------------------------------+
The suppressed messages can be found in C:/Users/Mashal/Documents/2015-Fall/CS3220/Proj2/output_files/EggTimerController.map.smsg.


